CRITICAL - 2022-09-27 17:17:05 --> Invalid file: Usuarios/login.php
in SYSTEMPATH\Exceptions\FrameworkException.php on line 33.
 1 SYSTEMPATH\View\View.php(201): CodeIgniter\Exceptions\FrameworkException::forInvalidFile('Usuarios/login.php')
 2 SYSTEMPATH\Common.php(1137): CodeIgniter\View\View->render('Usuarios/login', [], true)
 3 APPPATH\Controllers\Estadisticas.php(23): view('Usuarios/login')
 4 SYSTEMPATH\CodeIgniter.php(904): App\Controllers\Estadisticas->test()
 5 SYSTEMPATH\CodeIgniter.php(457): CodeIgniter\CodeIgniter->runController(Object(App\Controllers\Estadisticas))
 6 SYSTEMPATH\CodeIgniter.php(340): CodeIgniter\CodeIgniter->handleRequest(null, Object(Config\Cache), false)
 7 FCPATH\index.php(67): CodeIgniter\CodeIgniter->run()
CRITICAL - 2022-09-27 17:18:26 --> Call to undefined function form_open()
in APPPATH\Views\Usuario\crearUsuario.php on line 11.
 1 SYSTEMPATH\View\View.php(213): include()
 2 SYSTEMPATH\View\View.php(216): CodeIgniter\View\View->CodeIgniter\View\{closure}()
 3 SYSTEMPATH\Common.php(1137): CodeIgniter\View\View->render('Usuario/crearUsuario', [], true)
 4 APPPATH\Controllers\Estadisticas.php(23): view('Usuario/crearUsuario')
 5 SYSTEMPATH\CodeIgniter.php(904): App\Controllers\Estadisticas->test()
 6 SYSTEMPATH\CodeIgniter.php(457): CodeIgniter\CodeIgniter->runController(Object(App\Controllers\Estadisticas))
 7 SYSTEMPATH\CodeIgniter.php(340): CodeIgniter\CodeIgniter->handleRequest(null, Object(Config\Cache), false)
 8 FCPATH\index.php(67): CodeIgniter\CodeIgniter->run()
CRITICAL - 2022-09-27 17:18:46 --> Invalid argument supplied for foreach()
in APPPATH\Views\Usuario\crearUsuarioAjax.php on line 19.
 1 APPPATH\Views\Usuario\crearUsuarioAjax.php(19): CodeIgniter\Debug\Exceptions->errorHandler(2, 'Invalid argument supplied for foreach()', 'APPPATH\\Views\\Usuario\\crearUsuarioAjax.php', 19, [])
 2 SYSTEMPATH\View\View.php(213): include('APPPATH\\Views\\Usuario\\crearUsuarioAjax.php')
 3 SYSTEMPATH\View\View.php(216): CodeIgniter\View\View->CodeIgniter\View\{closure}()
 4 SYSTEMPATH\Common.php(1137): CodeIgniter\View\View->render('Usuario/crearUsuarioAjax', [], true)
 5 APPPATH\Controllers\Estadisticas.php(23): view('Usuario/crearUsuarioAjax')
 6 SYSTEMPATH\CodeIgniter.php(904): App\Controllers\Estadisticas->test()
 7 SYSTEMPATH\CodeIgniter.php(457): CodeIgniter\CodeIgniter->runController(Object(App\Controllers\Estadisticas))
 8 SYSTEMPATH\CodeIgniter.php(340): CodeIgniter\CodeIgniter->handleRequest(null, Object(Config\Cache), false)
 9 FCPATH\index.php(67): CodeIgniter\CodeIgniter->run()
CRITICAL - 2022-09-27 17:19:12 --> Invalid file: Usuarios/login.php
in SYSTEMPATH\Exceptions\FrameworkException.php on line 33.
 1 SYSTEMPATH\View\View.php(201): CodeIgniter\Exceptions\FrameworkException::forInvalidFile('Usuarios/login.php')
 2 SYSTEMPATH\Common.php(1137): CodeIgniter\View\View->render('Usuarios/login', [], true)
 3 APPPATH\Controllers\Estadisticas.php(23): view('Usuarios/login')
 4 SYSTEMPATH\CodeIgniter.php(904): App\Controllers\Estadisticas->test()
 5 SYSTEMPATH\CodeIgniter.php(457): CodeIgniter\CodeIgniter->runController(Object(App\Controllers\Estadisticas))
 6 SYSTEMPATH\CodeIgniter.php(340): CodeIgniter\CodeIgniter->handleRequest(null, Object(Config\Cache), false)
 7 FCPATH\index.php(67): CodeIgniter\CodeIgniter->run()
