CRITICAL - 2022-08-26 00:02:31 --> Invalid file: plantilla/navbar.php
in SYSTEMPATH\Exceptions\FrameworkException.php on line 33.
 1 SYSTEMPATH\View\View.php(201): CodeIgniter\Exceptions\FrameworkException::forInvalidFile('plantilla/navbar.php')
 2 SYSTEMPATH\Common.php(1137): CodeIgniter\View\View->render('plantilla/navbar', [], true)
 3 APPPATH\Controllers\Estadisticas.php(12): view('plantilla/navbar')
 4 SYSTEMPATH\CodeIgniter.php(904): App\Controllers\Estadisticas->index()
 5 SYSTEMPATH\CodeIgniter.php(457): CodeIgniter\CodeIgniter->runController(Object(App\Controllers\Estadisticas))
 6 SYSTEMPATH\CodeIgniter.php(340): CodeIgniter\CodeIgniter->handleRequest(null, Object(Config\Cache), false)
 7 FCPATH\index.php(67): CodeIgniter\CodeIgniter->run()
CRITICAL - 2022-08-26 00:02:53 --> Argument 2 passed to view() must be of the type array, null given, called in C:\xampp\htdocs\miProyecto\app\Controllers\Estadisticas.php on line 13
in SYSTEMPATH\Common.php on line 1123.
 1 APPPATH\Controllers\Estadisticas.php(13): view('welcome_message', null)
 2 SYSTEMPATH\CodeIgniter.php(904): App\Controllers\Estadisticas->index()
 3 SYSTEMPATH\CodeIgniter.php(457): CodeIgniter\CodeIgniter->runController(Object(App\Controllers\Estadisticas))
 4 SYSTEMPATH\CodeIgniter.php(340): CodeIgniter\CodeIgniter->handleRequest(null, Object(Config\Cache), false)
 5 FCPATH\index.php(67): CodeIgniter\CodeIgniter->run()
CRITICAL - 2022-08-26 00:03:13 --> Invalid argument supplied for foreach()
in APPPATH\Views\welcome_message.php on line 64.
 1 APPPATH\Views\welcome_message.php(64): CodeIgniter\Debug\Exceptions->errorHandler(2, 'Invalid argument supplied for foreach()', 'APPPATH\\Views\\welcome_message.php', 64, [])
 2 SYSTEMPATH\View\View.php(213): include('APPPATH\\Views\\welcome_message.php')
 3 SYSTEMPATH\View\View.php(216): CodeIgniter\View\View->CodeIgniter\View\{closure}()
 4 SYSTEMPATH\Common.php(1137): CodeIgniter\View\View->render('welcome_message', [], true)
 5 APPPATH\Controllers\Estadisticas.php(13): view('welcome_message')
 6 SYSTEMPATH\CodeIgniter.php(904): App\Controllers\Estadisticas->index()
 7 SYSTEMPATH\CodeIgniter.php(457): CodeIgniter\CodeIgniter->runController(Object(App\Controllers\Estadisticas))
 8 SYSTEMPATH\CodeIgniter.php(340): CodeIgniter\CodeIgniter->handleRequest(null, Object(Config\Cache), false)
 9 FCPATH\index.php(67): CodeIgniter\CodeIgniter->run()
CRITICAL - 2022-08-26 00:03:14 --> Invalid argument supplied for foreach()
in APPPATH\Views\welcome_message.php on line 64.
 1 APPPATH\Views\welcome_message.php(64): CodeIgniter\Debug\Exceptions->errorHandler(2, 'Invalid argument supplied for foreach()', 'APPPATH\\Views\\welcome_message.php', 64, [])
 2 SYSTEMPATH\View\View.php(213): include('APPPATH\\Views\\welcome_message.php')
 3 SYSTEMPATH\View\View.php(216): CodeIgniter\View\View->CodeIgniter\View\{closure}()
 4 SYSTEMPATH\Common.php(1137): CodeIgniter\View\View->render('welcome_message', [], true)
 5 APPPATH\Controllers\Estadisticas.php(13): view('welcome_message')
 6 SYSTEMPATH\CodeIgniter.php(904): App\Controllers\Estadisticas->index()
 7 SYSTEMPATH\CodeIgniter.php(457): CodeIgniter\CodeIgniter->runController(Object(App\Controllers\Estadisticas))
 8 SYSTEMPATH\CodeIgniter.php(340): CodeIgniter\CodeIgniter->handleRequest(null, Object(Config\Cache), false)
 9 FCPATH\index.php(67): CodeIgniter\CodeIgniter->run()
CRITICAL - 2022-08-26 00:04:36 --> Invalid argument supplied for foreach()
in APPPATH\Views\welcome_message.php on line 64.
 1 APPPATH\Views\welcome_message.php(64): CodeIgniter\Debug\Exceptions->errorHandler(2, 'Invalid argument supplied for foreach()', 'APPPATH\\Views\\welcome_message.php', 64, [])
 2 SYSTEMPATH\View\View.php(213): include('APPPATH\\Views\\welcome_message.php')
 3 SYSTEMPATH\View\View.php(216): CodeIgniter\View\View->CodeIgniter\View\{closure}()
 4 SYSTEMPATH\Common.php(1137): CodeIgniter\View\View->render('welcome_message', [], true)
 5 APPPATH\Controllers\Estadisticas.php(13): view('welcome_message')
 6 SYSTEMPATH\CodeIgniter.php(904): App\Controllers\Estadisticas->index()
 7 SYSTEMPATH\CodeIgniter.php(457): CodeIgniter\CodeIgniter->runController(Object(App\Controllers\Estadisticas))
 8 SYSTEMPATH\CodeIgniter.php(340): CodeIgniter\CodeIgniter->handleRequest(null, Object(Config\Cache), false)
 9 FCPATH\index.php(67): CodeIgniter\CodeIgniter->run()
CRITICAL - 2022-08-26 00:04:37 --> Invalid argument supplied for foreach()
in APPPATH\Views\welcome_message.php on line 64.
 1 APPPATH\Views\welcome_message.php(64): CodeIgniter\Debug\Exceptions->errorHandler(2, 'Invalid argument supplied for foreach()', 'APPPATH\\Views\\welcome_message.php', 64, [])
 2 SYSTEMPATH\View\View.php(213): include('APPPATH\\Views\\welcome_message.php')
 3 SYSTEMPATH\View\View.php(216): CodeIgniter\View\View->CodeIgniter\View\{closure}()
 4 SYSTEMPATH\Common.php(1137): CodeIgniter\View\View->render('welcome_message', [], true)
 5 APPPATH\Controllers\Estadisticas.php(13): view('welcome_message')
 6 SYSTEMPATH\CodeIgniter.php(904): App\Controllers\Estadisticas->index()
 7 SYSTEMPATH\CodeIgniter.php(457): CodeIgniter\CodeIgniter->runController(Object(App\Controllers\Estadisticas))
 8 SYSTEMPATH\CodeIgniter.php(340): CodeIgniter\CodeIgniter->handleRequest(null, Object(Config\Cache), false)
 9 FCPATH\index.php(67): CodeIgniter\CodeIgniter->run()
CRITICAL - 2022-08-26 00:04:37 --> Invalid argument supplied for foreach()
in APPPATH\Views\welcome_message.php on line 64.
 1 APPPATH\Views\welcome_message.php(64): CodeIgniter\Debug\Exceptions->errorHandler(2, 'Invalid argument supplied for foreach()', 'APPPATH\\Views\\welcome_message.php', 64, [])
 2 SYSTEMPATH\View\View.php(213): include('APPPATH\\Views\\welcome_message.php')
 3 SYSTEMPATH\View\View.php(216): CodeIgniter\View\View->CodeIgniter\View\{closure}()
 4 SYSTEMPATH\Common.php(1137): CodeIgniter\View\View->render('welcome_message', [], true)
 5 APPPATH\Controllers\Estadisticas.php(13): view('welcome_message')
 6 SYSTEMPATH\CodeIgniter.php(904): App\Controllers\Estadisticas->index()
 7 SYSTEMPATH\CodeIgniter.php(457): CodeIgniter\CodeIgniter->runController(Object(App\Controllers\Estadisticas))
 8 SYSTEMPATH\CodeIgniter.php(340): CodeIgniter\CodeIgniter->handleRequest(null, Object(Config\Cache), false)
 9 FCPATH\index.php(67): CodeIgniter\CodeIgniter->run()
CRITICAL - 2022-08-26 00:04:38 --> Invalid argument supplied for foreach()
in APPPATH\Views\welcome_message.php on line 64.
 1 APPPATH\Views\welcome_message.php(64): CodeIgniter\Debug\Exceptions->errorHandler(2, 'Invalid argument supplied for foreach()', 'APPPATH\\Views\\welcome_message.php', 64, [])
 2 SYSTEMPATH\View\View.php(213): include('APPPATH\\Views\\welcome_message.php')
 3 SYSTEMPATH\View\View.php(216): CodeIgniter\View\View->CodeIgniter\View\{closure}()
 4 SYSTEMPATH\Common.php(1137): CodeIgniter\View\View->render('welcome_message', [], true)
 5 APPPATH\Controllers\Estadisticas.php(13): view('welcome_message')
 6 SYSTEMPATH\CodeIgniter.php(904): App\Controllers\Estadisticas->index()
 7 SYSTEMPATH\CodeIgniter.php(457): CodeIgniter\CodeIgniter->runController(Object(App\Controllers\Estadisticas))
 8 SYSTEMPATH\CodeIgniter.php(340): CodeIgniter\CodeIgniter->handleRequest(null, Object(Config\Cache), false)
 9 FCPATH\index.php(67): CodeIgniter\CodeIgniter->run()
CRITICAL - 2022-08-26 23:42:04 --> syntax error, unexpected '$script' (T_VARIABLE)
in APPPATH\Controllers\Inicio.php on line 31.
 1 SYSTEMPATH\Router\Router.php(499): CodeIgniter\Router\AutoRouter->getRoute('C:\\')
 2 SYSTEMPATH\Router\Router.php(205): CodeIgniter\Router\Router->autoRoute('C:\\')
 3 SYSTEMPATH\CodeIgniter.php(779): CodeIgniter\Router\Router->handle('C:\\')
 4 SYSTEMPATH\CodeIgniter.php(406): CodeIgniter\CodeIgniter->tryToRouteIt(Object(CodeIgniter\Router\RouteCollection))
 5 SYSTEMPATH\CodeIgniter.php(340): CodeIgniter\CodeIgniter->handleRequest(null, Object(Config\Cache), false)
 6 FCPATH\index.php(67): CodeIgniter\CodeIgniter->run()
CRITICAL - 2022-08-26 23:44:48 --> syntax error, unexpected ';', expecting ']'
in APPPATH\Controllers\Inicio.php on line 29.
 1 SYSTEMPATH\Router\Router.php(499): CodeIgniter\Router\AutoRouter->getRoute('C:\\')
 2 SYSTEMPATH\Router\Router.php(205): CodeIgniter\Router\Router->autoRoute('C:\\')
 3 SYSTEMPATH\CodeIgniter.php(779): CodeIgniter\Router\Router->handle('C:\\')
 4 SYSTEMPATH\CodeIgniter.php(406): CodeIgniter\CodeIgniter->tryToRouteIt(Object(CodeIgniter\Router\RouteCollection))
 5 SYSTEMPATH\CodeIgniter.php(340): CodeIgniter\CodeIgniter->handleRequest(null, Object(Config\Cache), false)
 6 FCPATH\index.php(67): CodeIgniter\CodeIgniter->run()
CRITICAL - 2022-08-26 23:48:07 --> Class 'App\Controllers\Time' not found
in APPPATH\Controllers\Inicio.php on line 25.
 1 SYSTEMPATH\CodeIgniter.php(904): App\Controllers\Inicio->nuevoInicio()
 2 SYSTEMPATH\CodeIgniter.php(457): CodeIgniter\CodeIgniter->runController(Object(App\Controllers\Inicio))
 3 SYSTEMPATH\CodeIgniter.php(340): CodeIgniter\CodeIgniter->handleRequest(null, Object(Config\Cache), false)
 4 FCPATH\index.php(67): CodeIgniter\CodeIgniter->run()
CRITICAL - 2022-08-26 23:54:41 --> Class 'App\Controllers\DateTime' not found
in APPPATH\Controllers\Inicio.php on line 27.
 1 SYSTEMPATH\CodeIgniter.php(904): App\Controllers\Inicio->nuevoInicio()
 2 SYSTEMPATH\CodeIgniter.php(457): CodeIgniter\CodeIgniter->runController(Object(App\Controllers\Inicio))
 3 SYSTEMPATH\CodeIgniter.php(340): CodeIgniter\CodeIgniter->handleRequest(null, Object(Config\Cache), false)
 4 FCPATH\index.php(67): CodeIgniter\CodeIgniter->run()
CRITICAL - 2022-08-26 23:58:11 --> Call to undefined function App\Controllers\now()
in APPPATH\Controllers\Inicio.php on line 27.
 1 SYSTEMPATH\CodeIgniter.php(904): App\Controllers\Inicio->nuevoInicio()
 2 SYSTEMPATH\CodeIgniter.php(457): CodeIgniter\CodeIgniter->runController(Object(App\Controllers\Inicio))
 3 SYSTEMPATH\CodeIgniter.php(340): CodeIgniter\CodeIgniter->handleRequest(null, Object(Config\Cache), false)
 4 FCPATH\index.php(67): CodeIgniter\CodeIgniter->run()
