CRITICAL - 2022-11-08 15:32:06 --> Call to a member function library() on null
in APPPATH\Controllers\Usuario.php on line 176.
 1 SYSTEMPATH\CodeIgniter.php(904): App\Controllers\Usuario->insertaNuevoUsuarioAjax()
 2 SYSTEMPATH\CodeIgniter.php(457): CodeIgniter\CodeIgniter->runController(Object(App\Controllers\Usuario))
 3 SYSTEMPATH\CodeIgniter.php(340): CodeIgniter\CodeIgniter->handleRequest(null, Object(Config\Cache), false)
 4 FCPATH\index.php(67): CodeIgniter\CodeIgniter->run()
CRITICAL - 2022-11-08 15:34:02 --> Call to a member function library() on null
in APPPATH\Controllers\Usuario.php on line 176.
 1 SYSTEMPATH\CodeIgniter.php(904): App\Controllers\Usuario->insertaNuevoUsuarioAjax()
 2 SYSTEMPATH\CodeIgniter.php(457): CodeIgniter\CodeIgniter->runController(Object(App\Controllers\Usuario))
 3 SYSTEMPATH\CodeIgniter.php(340): CodeIgniter\CodeIgniter->handleRequest(null, Object(Config\Cache), false)
 4 FCPATH\index.php(67): CodeIgniter\CodeIgniter->run()
CRITICAL - 2022-11-08 15:34:05 --> Call to a member function library() on null
in APPPATH\Controllers\Usuario.php on line 176.
 1 SYSTEMPATH\CodeIgniter.php(904): App\Controllers\Usuario->insertaNuevoUsuarioAjax()
 2 SYSTEMPATH\CodeIgniter.php(457): CodeIgniter\CodeIgniter->runController(Object(App\Controllers\Usuario))
 3 SYSTEMPATH\CodeIgniter.php(340): CodeIgniter\CodeIgniter->handleRequest(null, Object(Config\Cache), false)
 4 FCPATH\index.php(67): CodeIgniter\CodeIgniter->run()
CRITICAL - 2022-11-08 15:34:05 --> Call to a member function library() on null
in APPPATH\Controllers\Usuario.php on line 176.
 1 SYSTEMPATH\CodeIgniter.php(904): App\Controllers\Usuario->insertaNuevoUsuarioAjax()
 2 SYSTEMPATH\CodeIgniter.php(457): CodeIgniter\CodeIgniter->runController(Object(App\Controllers\Usuario))
 3 SYSTEMPATH\CodeIgniter.php(340): CodeIgniter\CodeIgniter->handleRequest(null, Object(Config\Cache), false)
 4 FCPATH\index.php(67): CodeIgniter\CodeIgniter->run()
CRITICAL - 2022-11-08 15:34:05 --> Call to a member function library() on null
in APPPATH\Controllers\Usuario.php on line 176.
 1 SYSTEMPATH\CodeIgniter.php(904): App\Controllers\Usuario->insertaNuevoUsuarioAjax()
 2 SYSTEMPATH\CodeIgniter.php(457): CodeIgniter\CodeIgniter->runController(Object(App\Controllers\Usuario))
 3 SYSTEMPATH\CodeIgniter.php(340): CodeIgniter\CodeIgniter->handleRequest(null, Object(Config\Cache), false)
 4 FCPATH\index.php(67): CodeIgniter\CodeIgniter->run()
CRITICAL - 2022-11-08 15:34:05 --> Call to a member function library() on null
in APPPATH\Controllers\Usuario.php on line 176.
 1 SYSTEMPATH\CodeIgniter.php(904): App\Controllers\Usuario->insertaNuevoUsuarioAjax()
 2 SYSTEMPATH\CodeIgniter.php(457): CodeIgniter\CodeIgniter->runController(Object(App\Controllers\Usuario))
 3 SYSTEMPATH\CodeIgniter.php(340): CodeIgniter\CodeIgniter->handleRequest(null, Object(Config\Cache), false)
 4 FCPATH\index.php(67): CodeIgniter\CodeIgniter->run()
CRITICAL - 2022-11-08 15:34:06 --> Call to a member function library() on null
in APPPATH\Controllers\Usuario.php on line 176.
 1 SYSTEMPATH\CodeIgniter.php(904): App\Controllers\Usuario->insertaNuevoUsuarioAjax()
 2 SYSTEMPATH\CodeIgniter.php(457): CodeIgniter\CodeIgniter->runController(Object(App\Controllers\Usuario))
 3 SYSTEMPATH\CodeIgniter.php(340): CodeIgniter\CodeIgniter->handleRequest(null, Object(Config\Cache), false)
 4 FCPATH\index.php(67): CodeIgniter\CodeIgniter->run()
CRITICAL - 2022-11-08 15:34:06 --> Call to a member function library() on null
in APPPATH\Controllers\Usuario.php on line 176.
 1 SYSTEMPATH\CodeIgniter.php(904): App\Controllers\Usuario->insertaNuevoUsuarioAjax()
 2 SYSTEMPATH\CodeIgniter.php(457): CodeIgniter\CodeIgniter->runController(Object(App\Controllers\Usuario))
 3 SYSTEMPATH\CodeIgniter.php(340): CodeIgniter\CodeIgniter->handleRequest(null, Object(Config\Cache), false)
 4 FCPATH\index.php(67): CodeIgniter\CodeIgniter->run()
CRITICAL - 2022-11-08 15:34:06 --> Call to a member function library() on null
in APPPATH\Controllers\Usuario.php on line 176.
 1 SYSTEMPATH\CodeIgniter.php(904): App\Controllers\Usuario->insertaNuevoUsuarioAjax()
 2 SYSTEMPATH\CodeIgniter.php(457): CodeIgniter\CodeIgniter->runController(Object(App\Controllers\Usuario))
 3 SYSTEMPATH\CodeIgniter.php(340): CodeIgniter\CodeIgniter->handleRequest(null, Object(Config\Cache), false)
 4 FCPATH\index.php(67): CodeIgniter\CodeIgniter->run()
CRITICAL - 2022-11-08 15:34:06 --> Call to a member function library() on null
in APPPATH\Controllers\Usuario.php on line 176.
 1 SYSTEMPATH\CodeIgniter.php(904): App\Controllers\Usuario->insertaNuevoUsuarioAjax()
 2 SYSTEMPATH\CodeIgniter.php(457): CodeIgniter\CodeIgniter->runController(Object(App\Controllers\Usuario))
 3 SYSTEMPATH\CodeIgniter.php(340): CodeIgniter\CodeIgniter->handleRequest(null, Object(Config\Cache), false)
 4 FCPATH\index.php(67): CodeIgniter\CodeIgniter->run()
CRITICAL - 2022-11-08 15:34:06 --> Call to a member function library() on null
in APPPATH\Controllers\Usuario.php on line 176.
 1 SYSTEMPATH\CodeIgniter.php(904): App\Controllers\Usuario->insertaNuevoUsuarioAjax()
 2 SYSTEMPATH\CodeIgniter.php(457): CodeIgniter\CodeIgniter->runController(Object(App\Controllers\Usuario))
 3 SYSTEMPATH\CodeIgniter.php(340): CodeIgniter\CodeIgniter->handleRequest(null, Object(Config\Cache), false)
 4 FCPATH\index.php(67): CodeIgniter\CodeIgniter->run()
CRITICAL - 2022-11-08 15:34:06 --> Call to a member function library() on null
in APPPATH\Controllers\Usuario.php on line 176.
 1 SYSTEMPATH\CodeIgniter.php(904): App\Controllers\Usuario->insertaNuevoUsuarioAjax()
 2 SYSTEMPATH\CodeIgniter.php(457): CodeIgniter\CodeIgniter->runController(Object(App\Controllers\Usuario))
 3 SYSTEMPATH\CodeIgniter.php(340): CodeIgniter\CodeIgniter->handleRequest(null, Object(Config\Cache), false)
 4 FCPATH\index.php(67): CodeIgniter\CodeIgniter->run()
CRITICAL - 2022-11-08 15:34:07 --> Call to a member function library() on null
in APPPATH\Controllers\Usuario.php on line 176.
 1 SYSTEMPATH\CodeIgniter.php(904): App\Controllers\Usuario->insertaNuevoUsuarioAjax()
 2 SYSTEMPATH\CodeIgniter.php(457): CodeIgniter\CodeIgniter->runController(Object(App\Controllers\Usuario))
 3 SYSTEMPATH\CodeIgniter.php(340): CodeIgniter\CodeIgniter->handleRequest(null, Object(Config\Cache), false)
 4 FCPATH\index.php(67): CodeIgniter\CodeIgniter->run()
CRITICAL - 2022-11-08 15:34:07 --> Call to a member function library() on null
in APPPATH\Controllers\Usuario.php on line 176.
 1 SYSTEMPATH\CodeIgniter.php(904): App\Controllers\Usuario->insertaNuevoUsuarioAjax()
 2 SYSTEMPATH\CodeIgniter.php(457): CodeIgniter\CodeIgniter->runController(Object(App\Controllers\Usuario))
 3 SYSTEMPATH\CodeIgniter.php(340): CodeIgniter\CodeIgniter->handleRequest(null, Object(Config\Cache), false)
 4 FCPATH\index.php(67): CodeIgniter\CodeIgniter->run()
CRITICAL - 2022-11-08 15:34:07 --> Call to a member function library() on null
in APPPATH\Controllers\Usuario.php on line 176.
 1 SYSTEMPATH\CodeIgniter.php(904): App\Controllers\Usuario->insertaNuevoUsuarioAjax()
 2 SYSTEMPATH\CodeIgniter.php(457): CodeIgniter\CodeIgniter->runController(Object(App\Controllers\Usuario))
 3 SYSTEMPATH\CodeIgniter.php(340): CodeIgniter\CodeIgniter->handleRequest(null, Object(Config\Cache), false)
 4 FCPATH\index.php(67): CodeIgniter\CodeIgniter->run()
CRITICAL - 2022-11-08 15:34:07 --> Call to a member function library() on null
in APPPATH\Controllers\Usuario.php on line 176.
 1 SYSTEMPATH\CodeIgniter.php(904): App\Controllers\Usuario->insertaNuevoUsuarioAjax()
 2 SYSTEMPATH\CodeIgniter.php(457): CodeIgniter\CodeIgniter->runController(Object(App\Controllers\Usuario))
 3 SYSTEMPATH\CodeIgniter.php(340): CodeIgniter\CodeIgniter->handleRequest(null, Object(Config\Cache), false)
 4 FCPATH\index.php(67): CodeIgniter\CodeIgniter->run()
CRITICAL - 2022-11-08 15:34:07 --> Call to a member function library() on null
in APPPATH\Controllers\Usuario.php on line 176.
 1 SYSTEMPATH\CodeIgniter.php(904): App\Controllers\Usuario->insertaNuevoUsuarioAjax()
 2 SYSTEMPATH\CodeIgniter.php(457): CodeIgniter\CodeIgniter->runController(Object(App\Controllers\Usuario))
 3 SYSTEMPATH\CodeIgniter.php(340): CodeIgniter\CodeIgniter->handleRequest(null, Object(Config\Cache), false)
 4 FCPATH\index.php(67): CodeIgniter\CodeIgniter->run()
CRITICAL - 2022-11-08 15:34:07 --> Call to a member function library() on null
in APPPATH\Controllers\Usuario.php on line 176.
 1 SYSTEMPATH\CodeIgniter.php(904): App\Controllers\Usuario->insertaNuevoUsuarioAjax()
 2 SYSTEMPATH\CodeIgniter.php(457): CodeIgniter\CodeIgniter->runController(Object(App\Controllers\Usuario))
 3 SYSTEMPATH\CodeIgniter.php(340): CodeIgniter\CodeIgniter->handleRequest(null, Object(Config\Cache), false)
 4 FCPATH\index.php(67): CodeIgniter\CodeIgniter->run()
CRITICAL - 2022-11-08 15:36:18 --> Call to a member function library() on null
in APPPATH\Controllers\Usuario.php on line 204.
 1 SYSTEMPATH\CodeIgniter.php(904): App\Controllers\Usuario->insertaNuevoUsuarioAjax()
 2 SYSTEMPATH\CodeIgniter.php(457): CodeIgniter\CodeIgniter->runController(Object(App\Controllers\Usuario))
 3 SYSTEMPATH\CodeIgniter.php(340): CodeIgniter\CodeIgniter->handleRequest(null, Object(Config\Cache), false)
 4 FCPATH\index.php(67): CodeIgniter\CodeIgniter->run()
CRITICAL - 2022-11-08 15:36:33 --> Call to a member function library() on null
in APPPATH\Controllers\Usuario.php on line 204.
 1 SYSTEMPATH\CodeIgniter.php(904): App\Controllers\Usuario->insertaNuevoUsuarioAjax()
 2 SYSTEMPATH\CodeIgniter.php(457): CodeIgniter\CodeIgniter->runController(Object(App\Controllers\Usuario))
 3 SYSTEMPATH\CodeIgniter.php(340): CodeIgniter\CodeIgniter->handleRequest(null, Object(Config\Cache), false)
 4 FCPATH\index.php(67): CodeIgniter\CodeIgniter->run()
CRITICAL - 2022-11-08 15:38:35 --> Call to a member function library() on null
in APPPATH\Controllers\Usuario.php on line 204.
 1 SYSTEMPATH\CodeIgniter.php(904): App\Controllers\Usuario->insertaNuevoUsuarioAjax()
 2 SYSTEMPATH\CodeIgniter.php(457): CodeIgniter\CodeIgniter->runController(Object(App\Controllers\Usuario))
 3 SYSTEMPATH\CodeIgniter.php(340): CodeIgniter\CodeIgniter->handleRequest(null, Object(Config\Cache), false)
 4 FCPATH\index.php(67): CodeIgniter\CodeIgniter->run()
CRITICAL - 2022-11-08 15:43:26 --> Call to a member function library() on null
in APPPATH\Controllers\Usuario.php on line 57.
 1 SYSTEMPATH\CodeIgniter.php(904): App\Controllers\Usuario->insertaNuevoUsuario()
 2 SYSTEMPATH\CodeIgniter.php(457): CodeIgniter\CodeIgniter->runController(Object(App\Controllers\Usuario))
 3 SYSTEMPATH\CodeIgniter.php(340): CodeIgniter\CodeIgniter->handleRequest(null, Object(Config\Cache), false)
 4 FCPATH\index.php(67): CodeIgniter\CodeIgniter->run()
ERROR - 2022-11-08 15:51:02 --> Email: sendWithMail throwed ErrorException: mail(): Failed to connect to mailserver at &quot;localhost&quot; port 25, verify your &quot;SMTP&quot; and &quot;smtp_port&quot; setting in php.ini or use ini_set() in C:\xampp\htdocs\miProyecto\system\Email\Email.php:1717
Stack trace:
#0 [internal function]: CodeIgniter\Debug\Exceptions->errorHandler(2, 'mail(): Failed ...', 'C:\\xampp\\htdocs...', 1717, Array)
#1 C:\xampp\htdocs\miProyecto\system\Email\Email.php(1717): mail('oscar.cid@upla....', '=?UTF-8?Q?Email...', 'Testing the ema...', 'Date: Tue, 8 No...', '-f clasemultime...')
#2 C:\xampp\htdocs\miProyecto\system\Email\Email.php(1654): CodeIgniter\Email\Email->sendWithMail()
#3 C:\xampp\htdocs\miProyecto\system\Email\Email.php(1552): CodeIgniter\Email\Email->spoolEmail()
#4 C:\xampp\htdocs\miProyecto\app\Controllers\Usuario.php(74): CodeIgniter\Email\Email->send()
#5 C:\xampp\htdocs\miProyecto\system\CodeIgniter.php(904): App\Controllers\Usuario->insertaNuevoUsuario()
#6 C:\xampp\htdocs\miProyecto\system\CodeIgniter.php(457): CodeIgniter\CodeIgniter->runController(Object(App\Controllers\Usuario))
#7 C:\xampp\htdocs\miProyecto\system\CodeIgniter.php(340): CodeIgniter\CodeIgniter->handleRequest(NULL, Object(Config\Cache), false)
#8 C:\xampp\htdocs\miProyecto\index.php(67): CodeIgniter\CodeIgniter->run()
#9 {main}
ERROR - 2022-11-08 15:54:01 --> Email: sendWithMail throwed ErrorException: mail(): Failed to connect to mailserver at &quot;localhost&quot; port 25, verify your &quot;SMTP&quot; and &quot;smtp_port&quot; setting in php.ini or use ini_set() in C:\xampp\htdocs\miProyecto\system\Email\Email.php:1717
Stack trace:
#0 [internal function]: CodeIgniter\Debug\Exceptions->errorHandler(2, 'mail(): Failed ...', 'C:\\xampp\\htdocs...', 1717, Array)
#1 C:\xampp\htdocs\miProyecto\system\Email\Email.php(1717): mail('oscar.cid@upla....', '=?UTF-8?Q?Email...', 'Testing the ema...', 'Date: Tue, 8 No...', '-f clasemultime...')
#2 C:\xampp\htdocs\miProyecto\system\Email\Email.php(1654): CodeIgniter\Email\Email->sendWithMail()
#3 C:\xampp\htdocs\miProyecto\system\Email\Email.php(1552): CodeIgniter\Email\Email->spoolEmail()
#4 C:\xampp\htdocs\miProyecto\app\Controllers\Usuario.php(74): CodeIgniter\Email\Email->send()
#5 C:\xampp\htdocs\miProyecto\system\CodeIgniter.php(904): App\Controllers\Usuario->insertaNuevoUsuario()
#6 C:\xampp\htdocs\miProyecto\system\CodeIgniter.php(457): CodeIgniter\CodeIgniter->runController(Object(App\Controllers\Usuario))
#7 C:\xampp\htdocs\miProyecto\system\CodeIgniter.php(340): CodeIgniter\CodeIgniter->handleRequest(NULL, Object(Config\Cache), false)
#8 C:\xampp\htdocs\miProyecto\index.php(67): CodeIgniter\CodeIgniter->run()
#9 {main}
CRITICAL - 2022-11-08 15:55:57 --> syntax error, unexpected '}'
in APPPATH\Controllers\Usuario.php on line 84.
 1 SYSTEMPATH\Router\Router.php(499): CodeIgniter\Router\AutoRouter->getRoute('Usuario/crearUsuario')
 2 SYSTEMPATH\Router\Router.php(205): CodeIgniter\Router\Router->autoRoute('Usuario/crearUsuario')
 3 SYSTEMPATH\CodeIgniter.php(779): CodeIgniter\Router\Router->handle('Usuario/crearUsuario')
 4 SYSTEMPATH\CodeIgniter.php(406): CodeIgniter\CodeIgniter->tryToRouteIt(Object(CodeIgniter\Router\RouteCollection))
 5 SYSTEMPATH\CodeIgniter.php(340): CodeIgniter\CodeIgniter->handleRequest(null, Object(Config\Cache), false)
 6 FCPATH\index.php(67): CodeIgniter\CodeIgniter->run()
ERROR - 2022-11-08 15:56:33 --> Email: sendWithMail throwed ErrorException: mail(): Failed to connect to mailserver at &quot;localhost&quot; port 25, verify your &quot;SMTP&quot; and &quot;smtp_port&quot; setting in php.ini or use ini_set() in C:\xampp\htdocs\miProyecto\system\Email\Email.php:1717
Stack trace:
#0 [internal function]: CodeIgniter\Debug\Exceptions->errorHandler(2, 'mail(): Failed ...', 'C:\\xampp\\htdocs...', 1717, Array)
#1 C:\xampp\htdocs\miProyecto\system\Email\Email.php(1717): mail('oscar.cid@upla....', '=?UTF-8?Q?Email...', 'Testing the ema...', 'Date: Tue, 8 No...', '-f clasemultime...')
#2 C:\xampp\htdocs\miProyecto\system\Email\Email.php(1654): CodeIgniter\Email\Email->sendWithMail()
#3 C:\xampp\htdocs\miProyecto\system\Email\Email.php(1552): CodeIgniter\Email\Email->spoolEmail()
#4 C:\xampp\htdocs\miProyecto\app\Controllers\Usuario.php(76): CodeIgniter\Email\Email->send()
#5 C:\xampp\htdocs\miProyecto\system\CodeIgniter.php(904): App\Controllers\Usuario->insertaNuevoUsuario()
#6 C:\xampp\htdocs\miProyecto\system\CodeIgniter.php(457): CodeIgniter\CodeIgniter->runController(Object(App\Controllers\Usuario))
#7 C:\xampp\htdocs\miProyecto\system\CodeIgniter.php(340): CodeIgniter\CodeIgniter->handleRequest(NULL, Object(Config\Cache), false)
#8 C:\xampp\htdocs\miProyecto\index.php(67): CodeIgniter\CodeIgniter->run()
#9 {main}
CRITICAL - 2022-11-08 15:56:33 --> Call to undefined method CodeIgniter\Email\Email::errors()
in APPPATH\Controllers\Usuario.php on line 79.
 1 SYSTEMPATH\CodeIgniter.php(904): App\Controllers\Usuario->insertaNuevoUsuario()
 2 SYSTEMPATH\CodeIgniter.php(457): CodeIgniter\CodeIgniter->runController(Object(App\Controllers\Usuario))
 3 SYSTEMPATH\CodeIgniter.php(340): CodeIgniter\CodeIgniter->handleRequest(null, Object(Config\Cache), false)
 4 FCPATH\index.php(67): CodeIgniter\CodeIgniter->run()
ERROR - 2022-11-08 15:59:57 --> Email: sendWithMail throwed ErrorException: mail(): Failed to connect to mailserver at &quot;localhost&quot; port 25, verify your &quot;SMTP&quot; and &quot;smtp_port&quot; setting in php.ini or use ini_set() in C:\xampp\htdocs\miProyecto\system\Email\Email.php:1717
Stack trace:
#0 [internal function]: CodeIgniter\Debug\Exceptions->errorHandler(2, 'mail(): Failed ...', 'C:\\xampp\\htdocs...', 1717, Array)
#1 C:\xampp\htdocs\miProyecto\system\Email\Email.php(1717): mail('oscar.cid@upla....', '=?UTF-8?Q?Email...', 'Testing the ema...', 'Date: Tue, 8 No...', '-f oscar.cid@up...')
#2 C:\xampp\htdocs\miProyecto\system\Email\Email.php(1654): CodeIgniter\Email\Email->sendWithMail()
#3 C:\xampp\htdocs\miProyecto\system\Email\Email.php(1552): CodeIgniter\Email\Email->spoolEmail()
#4 C:\xampp\htdocs\miProyecto\app\Controllers\Usuario.php(76): CodeIgniter\Email\Email->send()
#5 C:\xampp\htdocs\miProyecto\system\CodeIgniter.php(904): App\Controllers\Usuario->insertaNuevoUsuario()
#6 C:\xampp\htdocs\miProyecto\system\CodeIgniter.php(457): CodeIgniter\CodeIgniter->runController(Object(App\Controllers\Usuario))
#7 C:\xampp\htdocs\miProyecto\system\CodeIgniter.php(340): CodeIgniter\CodeIgniter->handleRequest(NULL, Object(Config\Cache), false)
#8 C:\xampp\htdocs\miProyecto\index.php(67): CodeIgniter\CodeIgniter->run()
#9 {main}
CRITICAL - 2022-11-08 15:59:57 --> Call to undefined method CodeIgniter\Email\Email::errors()
in APPPATH\Controllers\Usuario.php on line 79.
 1 SYSTEMPATH\CodeIgniter.php(904): App\Controllers\Usuario->insertaNuevoUsuario()
 2 SYSTEMPATH\CodeIgniter.php(457): CodeIgniter\CodeIgniter->runController(Object(App\Controllers\Usuario))
 3 SYSTEMPATH\CodeIgniter.php(340): CodeIgniter\CodeIgniter->handleRequest(null, Object(Config\Cache), false)
 4 FCPATH\index.php(67): CodeIgniter\CodeIgniter->run()
ERROR - 2022-11-08 16:04:41 --> Email: sendWithMail throwed ErrorException: mail(): Failed to connect to mailserver at &quot;localhost&quot; port 25, verify your &quot;SMTP&quot; and &quot;smtp_port&quot; setting in php.ini or use ini_set() in C:\xampp\htdocs\miProyecto\system\Email\Email.php:1717
Stack trace:
#0 [internal function]: CodeIgniter\Debug\Exceptions->errorHandler(2, 'mail(): Failed ...', 'C:\\xampp\\htdocs...', 1717, Array)
#1 C:\xampp\htdocs\miProyecto\system\Email\Email.php(1717): mail('oscar.cid@upla....', '=?UTF-8?Q?Email...', 'Testing the ema...', 'Date: Tue, 8 No...', '-f oscar.cid@up...')
#2 C:\xampp\htdocs\miProyecto\system\Email\Email.php(1654): CodeIgniter\Email\Email->sendWithMail()
#3 C:\xampp\htdocs\miProyecto\system\Email\Email.php(1552): CodeIgniter\Email\Email->spoolEmail()
#4 C:\xampp\htdocs\miProyecto\app\Controllers\Usuario.php(76): CodeIgniter\Email\Email->send()
#5 C:\xampp\htdocs\miProyecto\system\CodeIgniter.php(904): App\Controllers\Usuario->insertaNuevoUsuario()
#6 C:\xampp\htdocs\miProyecto\system\CodeIgniter.php(457): CodeIgniter\CodeIgniter->runController(Object(App\Controllers\Usuario))
#7 C:\xampp\htdocs\miProyecto\system\CodeIgniter.php(340): CodeIgniter\CodeIgniter->handleRequest(NULL, Object(Config\Cache), false)
#8 C:\xampp\htdocs\miProyecto\index.php(67): CodeIgniter\CodeIgniter->run()
#9 {main}
CRITICAL - 2022-11-08 16:04:41 --> Call to undefined method CodeIgniter\Email\Email::errors()
in APPPATH\Controllers\Usuario.php on line 79.
 1 SYSTEMPATH\CodeIgniter.php(904): App\Controllers\Usuario->insertaNuevoUsuario()
 2 SYSTEMPATH\CodeIgniter.php(457): CodeIgniter\CodeIgniter->runController(Object(App\Controllers\Usuario))
 3 SYSTEMPATH\CodeIgniter.php(340): CodeIgniter\CodeIgniter->handleRequest(null, Object(Config\Cache), false)
 4 FCPATH\index.php(67): CodeIgniter\CodeIgniter->run()
